[2023-12-02T03:11:52.271854+00:00] DogtorPET.ERROR: SQLSTATE[HY000] [1049] Unknown database 'dogtorpet' [{"file":"/home/alejandro/Desktop/PROYECTOS/PHPDemo24AA2/webapp/backend/src/Util/DataSource.php","line":15,"function":"__construct","class":"PDO","type":"->"},{"file":"/home/alejandro/Desktop/PROYECTOS/PHPDemo24AA2/webapp/backend/src/Rest/TipoController.php","line":17,"function":"abrirConexion","class":"DogtorPET\\Backend\\Util\\DataSource","type":"::"},{"file":"/home/alejandro/Desktop/PROYECTOS/PHPDemo24AA2/webapp/backend/vendor/slim/slim/Slim/Handlers/Strategies/RequestResponse.php","line":38,"function":"lista","class":"DogtorPET\\Backend\\Rest\\TipoController","type":"->"},{"file":"/home/alejandro/Desktop/PROYECTOS/PHPDemo24AA2/webapp/backend/vendor/slim/slim/Slim/Routing/Route.php","line":358,"function":"__invoke","class":"Slim\\Handlers\\Strategies\\RequestResponse","type":"->"},{"file":"/home/alejandro/Desktop/PROYECTOS/PHPDemo24AA2/webapp/backend/vendor/slim/slim/Slim/MiddlewareDispatcher.php","line":65,"function":"handle","class":"Slim\\Routing\\Route","type":"->"},{"file":"/home/alejandro/Desktop/PROYECTOS/PHPDemo24AA2/webapp/backend/vendor/slim/slim/Slim/MiddlewareDispatcher.php","line":65,"function":"handle","class":"Slim\\MiddlewareDispatcher","type":"->"},{"file":"/home/alejandro/Desktop/PROYECTOS/PHPDemo24AA2/webapp/backend/vendor/slim/slim/Slim/Routing/Route.php","line":315,"function":"handle","class":"Slim\\MiddlewareDispatcher","type":"->"},{"file":"/home/alejandro/Desktop/PROYECTOS/PHPDemo24AA2/webapp/backend/vendor/slim/slim/Slim/Routing/RouteRunner.php","line":68,"function":"run","class":"Slim\\Routing\\Route","type":"->"},{"file":"/home/alejandro/Desktop/PROYECTOS/PHPDemo24AA2/webapp/backend/vendor/slim/slim/Slim/MiddlewareDispatcher.php","line":65,"function":"handle","class":"Slim\\Routing\\RouteRunner","type":"->"},{"file":"/home/alejandro/Desktop/PROYECTOS/PHPDemo24AA2/webapp/backend/vendor/slim/slim/Slim/App.php","line":199,"function":"handle","class":"Slim\\MiddlewareDispatcher","type":"->"},{"file":"/home/alejandro/Desktop/PROYECTOS/PHPDemo24AA2/webapp/backend/vendor/slim/slim/Slim/App.php","line":183,"function":"handle","class":"Slim\\App","type":"->"},{"file":"/home/alejandro/Desktop/PROYECTOS/PHPDemo24AA2/webapp/backend/public/ws/index.php","line":21,"function":"run","class":"Slim\\App","type":"->"}] []
[2023-12-02T03:14:22.227553+00:00] DogtorPET.ERROR: SQLSTATE[HY000] [1049] Unknown database 'dogtorpet' [{"file":"/home/alejandro/Desktop/PROYECTOS/PHPDemo24AA2/webapp/backend/src/Util/DataSource.php","line":15,"function":"__construct","class":"PDO","type":"->"},{"file":"/home/alejandro/Desktop/PROYECTOS/PHPDemo24AA2/webapp/backend/src/Rest/TipoController.php","line":17,"function":"abrirConexion","class":"DogtorPET\\Backend\\Util\\DataSource","type":"::"},{"file":"/home/alejandro/Desktop/PROYECTOS/PHPDemo24AA2/webapp/backend/vendor/slim/slim/Slim/Handlers/Strategies/RequestResponse.php","line":38,"function":"lista","class":"DogtorPET\\Backend\\Rest\\TipoController","type":"->"},{"file":"/home/alejandro/Desktop/PROYECTOS/PHPDemo24AA2/webapp/backend/vendor/slim/slim/Slim/Routing/Route.php","line":358,"function":"__invoke","class":"Slim\\Handlers\\Strategies\\RequestResponse","type":"->"},{"file":"/home/alejandro/Desktop/PROYECTOS/PHPDemo24AA2/webapp/backend/vendor/slim/slim/Slim/MiddlewareDispatcher.php","line":65,"function":"handle","class":"Slim\\Routing\\Route","type":"->"},{"file":"/home/alejandro/Desktop/PROYECTOS/PHPDemo24AA2/webapp/backend/vendor/slim/slim/Slim/MiddlewareDispatcher.php","line":65,"function":"handle","class":"Slim\\MiddlewareDispatcher","type":"->"},{"file":"/home/alejandro/Desktop/PROYECTOS/PHPDemo24AA2/webapp/backend/vendor/slim/slim/Slim/Routing/Route.php","line":315,"function":"handle","class":"Slim\\MiddlewareDispatcher","type":"->"},{"file":"/home/alejandro/Desktop/PROYECTOS/PHPDemo24AA2/webapp/backend/vendor/slim/slim/Slim/Routing/RouteRunner.php","line":68,"function":"run","class":"Slim\\Routing\\Route","type":"->"},{"file":"/home/alejandro/Desktop/PROYECTOS/PHPDemo24AA2/webapp/backend/vendor/slim/slim/Slim/MiddlewareDispatcher.php","line":65,"function":"handle","class":"Slim\\Routing\\RouteRunner","type":"->"},{"file":"/home/alejandro/Desktop/PROYECTOS/PHPDemo24AA2/webapp/backend/vendor/slim/slim/Slim/App.php","line":199,"function":"handle","class":"Slim\\MiddlewareDispatcher","type":"->"},{"file":"/home/alejandro/Desktop/PROYECTOS/PHPDemo24AA2/webapp/backend/vendor/slim/slim/Slim/App.php","line":183,"function":"handle","class":"Slim\\App","type":"->"},{"file":"/home/alejandro/Desktop/PROYECTOS/PHPDemo24AA2/webapp/backend/public/ws/index.php","line":21,"function":"run","class":"Slim\\App","type":"->"}] []
[2023-12-09T03:31:55.048879+00:00] DogtorPET.DEBUG: CORS analysis for request started. [] []
[2023-12-09T03:31:55.050031+00:00] DogtorPET.DEBUG: Request is identified as a pre-flight CORS request. [] []
[2023-12-09T03:31:55.050272+00:00] DogtorPET.DEBUG: CORS analysis for request completed. [] []
[2023-12-09T03:31:55.062953+00:00] DogtorPET.DEBUG: CORS analysis for request started. [] []
[2023-12-09T03:31:55.063682+00:00] DogtorPET.DEBUG: Request is identified as an actual CORS request. [] []
[2023-12-09T03:31:55.063817+00:00] DogtorPET.DEBUG: CORS analysis for request completed. [] []
[2023-12-09T03:37:17.286897+00:00] DogtorPET.DEBUG: CORS analysis for request started. [] []
[2023-12-09T03:37:17.287829+00:00] DogtorPET.DEBUG: Request is identified as a pre-flight CORS request. [] []
[2023-12-09T03:37:17.288001+00:00] DogtorPET.DEBUG: CORS analysis for request completed. [] []
[2023-12-09T03:37:17.302825+00:00] DogtorPET.DEBUG: Using token from request header [] []
[2023-12-09T03:37:17.306349+00:00] DogtorPET.DEBUG: CORS analysis for request started. [] []
[2023-12-09T03:37:17.306473+00:00] DogtorPET.DEBUG: Request is identified as an actual CORS request. [] []
[2023-12-09T03:37:17.306614+00:00] DogtorPET.DEBUG: CORS analysis for request completed. [] []
[2023-12-09T03:42:15.554359+00:00] DogtorPET.DEBUG: CORS analysis for request started. [] []
[2023-12-09T03:42:15.555296+00:00] DogtorPET.DEBUG: Request is identified as a pre-flight CORS request. [] []
[2023-12-09T03:42:15.555499+00:00] DogtorPET.DEBUG: CORS analysis for request completed. [] []
[2023-12-09T03:42:15.567961+00:00] DogtorPET.DEBUG: Using token from request header [] []
[2023-12-09T03:42:15.570096+00:00] DogtorPET.DEBUG: CORS analysis for request started. [] []
[2023-12-09T03:42:15.570221+00:00] DogtorPET.DEBUG: Request is identified as an actual CORS request. [] []
[2023-12-09T03:42:15.570356+00:00] DogtorPET.DEBUG: CORS analysis for request completed. [] []
[2023-12-09T03:42:38.810023+00:00] DogtorPET.DEBUG: CORS analysis for request started. [] []
[2023-12-09T03:42:38.810551+00:00] DogtorPET.DEBUG: Request is identified as a pre-flight CORS request. [] []
[2023-12-09T03:42:38.810679+00:00] DogtorPET.DEBUG: CORS analysis for request completed. [] []
[2023-12-09T03:42:38.823657+00:00] DogtorPET.DEBUG: Using token from request header [] []
[2023-12-09T03:42:38.826025+00:00] DogtorPET.DEBUG: CORS analysis for request started. [] []
[2023-12-09T03:42:38.826134+00:00] DogtorPET.DEBUG: Request is identified as an actual CORS request. [] []
[2023-12-09T03:42:38.826258+00:00] DogtorPET.DEBUG: CORS analysis for request completed. [] []
[2023-12-09T03:43:20.744135+00:00] DogtorPET.DEBUG: CORS analysis for request started. [] []
[2023-12-09T03:43:20.745804+00:00] DogtorPET.DEBUG: Request is identified as a pre-flight CORS request. [] []
[2023-12-09T03:43:20.746121+00:00] DogtorPET.DEBUG: CORS analysis for request completed. [] []
[2023-12-09T03:43:20.758484+00:00] DogtorPET.DEBUG: Using token from request header [] []
[2023-12-09T03:43:20.761054+00:00] DogtorPET.DEBUG: CORS analysis for request started. [] []
[2023-12-09T03:43:20.761229+00:00] DogtorPET.DEBUG: Request is identified as an actual CORS request. [] []
[2023-12-09T03:43:20.761399+00:00] DogtorPET.DEBUG: CORS analysis for request completed. [] []
[2023-12-09T03:43:30.041823+00:00] DogtorPET.DEBUG: CORS analysis for request started. [] []
[2023-12-09T03:43:30.042400+00:00] DogtorPET.DEBUG: Request is identified as a pre-flight CORS request. [] []
[2023-12-09T03:43:30.042537+00:00] DogtorPET.DEBUG: CORS analysis for request completed. [] []
[2023-12-09T03:43:30.058937+00:00] DogtorPET.DEBUG: Using token from request header [] []
[2023-12-09T03:43:30.062050+00:00] DogtorPET.DEBUG: CORS analysis for request started. [] []
[2023-12-09T03:43:30.062170+00:00] DogtorPET.DEBUG: Request is identified as an actual CORS request. [] []
[2023-12-09T03:43:30.062313+00:00] DogtorPET.DEBUG: CORS analysis for request completed. [] []
[2023-12-09T03:43:38.083343+00:00] DogtorPET.DEBUG: CORS analysis for request started. [] []
[2023-12-09T03:43:38.084205+00:00] DogtorPET.DEBUG: Request is identified as a pre-flight CORS request. [] []
[2023-12-09T03:43:38.084335+00:00] DogtorPET.DEBUG: CORS analysis for request completed. [] []
[2023-12-09T03:43:38.094020+00:00] DogtorPET.DEBUG: Using token from request header [] []
[2023-12-09T03:43:38.096154+00:00] DogtorPET.DEBUG: CORS analysis for request started. [] []
[2023-12-09T03:43:38.096269+00:00] DogtorPET.DEBUG: Request is identified as an actual CORS request. [] []
[2023-12-09T03:43:38.096378+00:00] DogtorPET.DEBUG: CORS analysis for request completed. [] []
[2023-12-09T03:43:46.970166+00:00] DogtorPET.DEBUG: CORS analysis for request started. [] []
[2023-12-09T03:43:46.970711+00:00] DogtorPET.DEBUG: Request is identified as a pre-flight CORS request. [] []
[2023-12-09T03:43:46.970849+00:00] DogtorPET.DEBUG: CORS analysis for request completed. [] []
[2023-12-09T03:43:46.982816+00:00] DogtorPET.DEBUG: CORS analysis for request started. [] []
[2023-12-09T03:43:46.983362+00:00] DogtorPET.DEBUG: Request is identified as an actual CORS request. [] []
[2023-12-09T03:43:46.983472+00:00] DogtorPET.DEBUG: CORS analysis for request completed. [] []
[2023-12-09T03:43:47.011586+00:00] DogtorPET.DEBUG: CORS analysis for request started. [] []
[2023-12-09T03:43:47.012314+00:00] DogtorPET.DEBUG: Request is identified as a pre-flight CORS request. [] []
[2023-12-09T03:43:47.012493+00:00] DogtorPET.DEBUG: CORS analysis for request completed. [] []
[2023-12-09T03:43:47.024788+00:00] DogtorPET.DEBUG: Using token from request header [] []
[2023-12-09T03:43:47.026661+00:00] DogtorPET.DEBUG: CORS analysis for request started. [] []
[2023-12-09T03:43:47.026731+00:00] DogtorPET.DEBUG: Request is identified as an actual CORS request. [] []
[2023-12-09T03:43:47.026833+00:00] DogtorPET.DEBUG: CORS analysis for request completed. [] []
[2023-12-09T03:43:54.339072+00:00] DogtorPET.DEBUG: CORS analysis for request started. [] []
[2023-12-09T03:43:54.339599+00:00] DogtorPET.DEBUG: Request is identified as a pre-flight CORS request. [] []
[2023-12-09T03:43:54.339725+00:00] DogtorPET.DEBUG: CORS analysis for request completed. [] []
[2023-12-09T03:43:54.349329+00:00] DogtorPET.DEBUG: Using token from request header [] []
[2023-12-09T03:43:54.351295+00:00] DogtorPET.DEBUG: CORS analysis for request started. [] []
[2023-12-09T03:43:54.351366+00:00] DogtorPET.DEBUG: Request is identified as an actual CORS request. [] []
[2023-12-09T03:43:54.351469+00:00] DogtorPET.DEBUG: CORS analysis for request completed. [] []
[2023-12-09T03:54:42.792939+00:00] DogtorPET.DEBUG: CORS analysis for request started. [] []
[2023-12-09T03:54:42.793784+00:00] DogtorPET.DEBUG: Request is identified as a pre-flight CORS request. [] []
[2023-12-09T03:54:42.793962+00:00] DogtorPET.DEBUG: CORS analysis for request completed. [] []
[2023-12-09T03:54:42.806566+00:00] DogtorPET.DEBUG: Using token from request header [] []
[2023-12-09T03:54:42.809090+00:00] DogtorPET.DEBUG: CORS analysis for request started. [] []
[2023-12-09T03:54:42.809254+00:00] DogtorPET.DEBUG: Request is identified as an actual CORS request. [] []
[2023-12-09T03:54:42.809378+00:00] DogtorPET.DEBUG: CORS analysis for request completed. [] []
[2023-12-09T03:55:28.531393+00:00] DogtorPET.DEBUG: CORS analysis for request started. [] []
[2023-12-09T03:55:28.531958+00:00] DogtorPET.DEBUG: Request is identified as a pre-flight CORS request. [] []
[2023-12-09T03:55:28.532120+00:00] DogtorPET.DEBUG: CORS analysis for request completed. [] []
[2023-12-09T03:55:28.556668+00:00] DogtorPET.DEBUG: Using token from request header [] []
[2023-12-09T03:55:28.558668+00:00] DogtorPET.DEBUG: CORS analysis for request started. [] []
[2023-12-09T03:55:28.558760+00:00] DogtorPET.DEBUG: Request is identified as an actual CORS request. [] []
[2023-12-09T03:55:28.558864+00:00] DogtorPET.DEBUG: CORS analysis for request completed. [] []
[2023-12-09T03:55:46.447735+00:00] DogtorPET.DEBUG: CORS analysis for request started. [] []
[2023-12-09T03:55:46.448296+00:00] DogtorPET.DEBUG: Request is identified as a pre-flight CORS request. [] []
[2023-12-09T03:55:46.448423+00:00] DogtorPET.DEBUG: CORS analysis for request completed. [] []
[2023-12-09T03:55:46.462961+00:00] DogtorPET.DEBUG: Using token from request header [] []
[2023-12-09T03:55:46.465182+00:00] DogtorPET.DEBUG: CORS analysis for request started. [] []
[2023-12-09T03:55:46.465274+00:00] DogtorPET.DEBUG: Request is identified as an actual CORS request. [] []
[2023-12-09T03:55:46.465376+00:00] DogtorPET.DEBUG: CORS analysis for request completed. [] []
[2023-12-09T03:55:47.818281+00:00] DogtorPET.DEBUG: Using token from request header [] []
[2023-12-09T03:55:47.821731+00:00] DogtorPET.DEBUG: CORS analysis for request started. [] []
[2023-12-09T03:55:47.821972+00:00] DogtorPET.DEBUG: Request is identified as an actual CORS request. [] []
[2023-12-09T03:55:47.822221+00:00] DogtorPET.DEBUG: CORS analysis for request completed. [] []
[2023-12-09T03:56:16.686122+00:00] DogtorPET.DEBUG: CORS analysis for request started. [] []
[2023-12-09T03:56:16.686654+00:00] DogtorPET.DEBUG: Request is identified as a pre-flight CORS request. [] []
[2023-12-09T03:56:16.686785+00:00] DogtorPET.DEBUG: CORS analysis for request completed. [] []
[2023-12-09T03:56:16.698445+00:00] DogtorPET.DEBUG: CORS analysis for request started. [] []
[2023-12-09T03:56:16.699326+00:00] DogtorPET.DEBUG: Request is identified as an actual CORS request. [] []
[2023-12-09T03:56:16.699490+00:00] DogtorPET.DEBUG: CORS analysis for request completed. [] []
[2023-12-09T03:56:16.731369+00:00] DogtorPET.DEBUG: CORS analysis for request started. [] []
[2023-12-09T03:56:16.731989+00:00] DogtorPET.DEBUG: Request is identified as a pre-flight CORS request. [] []
[2023-12-09T03:56:16.732138+00:00] DogtorPET.DEBUG: CORS analysis for request completed. [] []
[2023-12-09T03:56:16.742749+00:00] DogtorPET.DEBUG: Using token from request header [] []
[2023-12-09T03:56:16.744681+00:00] DogtorPET.DEBUG: CORS analysis for request started. [] []
[2023-12-09T03:56:16.744769+00:00] DogtorPET.DEBUG: Request is identified as an actual CORS request. [] []
[2023-12-09T03:56:16.744891+00:00] DogtorPET.DEBUG: CORS analysis for request completed. [] []
[2023-12-09T03:56:52.220667+00:00] DogtorPET.DEBUG: CORS analysis for request started. [] []
[2023-12-09T03:56:52.221216+00:00] DogtorPET.DEBUG: Request is identified as a pre-flight CORS request. [] []
[2023-12-09T03:56:52.221347+00:00] DogtorPET.DEBUG: CORS analysis for request completed. [] []
[2023-12-09T03:56:52.235115+00:00] DogtorPET.DEBUG: Using token from request header [] []
[2023-12-09T03:56:52.237379+00:00] DogtorPET.DEBUG: CORS analysis for request started. [] []
[2023-12-09T03:56:52.237516+00:00] DogtorPET.DEBUG: Request is identified as an actual CORS request. [] []
[2023-12-09T03:56:52.237657+00:00] DogtorPET.DEBUG: CORS analysis for request completed. [] []
[2023-12-09T03:58:21.993306+00:00] DogtorPET.DEBUG: CORS analysis for request started. [] []
[2023-12-09T03:58:21.994056+00:00] DogtorPET.DEBUG: Request is identified as a pre-flight CORS request. [] []
[2023-12-09T03:58:21.994342+00:00] DogtorPET.DEBUG: CORS analysis for request completed. [] []
[2023-12-09T03:58:22.009437+00:00] DogtorPET.DEBUG: Using token from request header [] []
[2023-12-09T03:58:22.011422+00:00] DogtorPET.DEBUG: CORS analysis for request started. [] []
[2023-12-09T03:58:22.011499+00:00] DogtorPET.DEBUG: Request is identified as an actual CORS request. [] []
[2023-12-09T03:58:22.011640+00:00] DogtorPET.DEBUG: CORS analysis for request completed. [] []
[2023-12-09T03:58:46.349653+00:00] DogtorPET.DEBUG: CORS analysis for request started. [] []
[2023-12-09T03:58:46.350268+00:00] DogtorPET.DEBUG: Request is identified as a pre-flight CORS request. [] []
[2023-12-09T03:58:46.350424+00:00] DogtorPET.DEBUG: CORS analysis for request completed. [] []
[2023-12-09T03:58:46.366431+00:00] DogtorPET.DEBUG: Using token from request header [] []
[2023-12-09T03:58:46.368635+00:00] DogtorPET.DEBUG: CORS analysis for request started. [] []
[2023-12-09T03:58:46.368774+00:00] DogtorPET.DEBUG: Request is identified as an actual CORS request. [] []
[2023-12-09T03:58:46.368918+00:00] DogtorPET.DEBUG: CORS analysis for request completed. [] []
[2023-12-09T03:59:57.668731+00:00] DogtorPET.DEBUG: CORS analysis for request started. [] []
[2023-12-09T03:59:57.669855+00:00] DogtorPET.DEBUG: Request is identified as a pre-flight CORS request. [] []
[2023-12-09T03:59:57.670336+00:00] DogtorPET.DEBUG: CORS analysis for request completed. [] []
[2023-12-09T03:59:57.683063+00:00] DogtorPET.DEBUG: Using token from request header [] []
[2023-12-09T03:59:57.685030+00:00] DogtorPET.DEBUG: CORS analysis for request started. [] []
[2023-12-09T03:59:57.685102+00:00] DogtorPET.DEBUG: Request is identified as an actual CORS request. [] []
[2023-12-09T03:59:57.685205+00:00] DogtorPET.DEBUG: CORS analysis for request completed. [] []
[2023-12-09T04:00:02.450325+00:00] DogtorPET.DEBUG: Using token from request header [] []
[2023-12-09T04:00:02.454435+00:00] DogtorPET.DEBUG: CORS analysis for request started. [] []
[2023-12-09T04:00:02.454578+00:00] DogtorPET.DEBUG: Request is identified as an actual CORS request. [] []
[2023-12-09T04:00:02.454728+00:00] DogtorPET.DEBUG: CORS analysis for request completed. [] []
[2023-12-09T04:02:05.759666+00:00] DogtorPET.DEBUG: CORS analysis for request started. [] []
[2023-12-09T04:02:05.760589+00:00] DogtorPET.DEBUG: Request is identified as a pre-flight CORS request. [] []
[2023-12-09T04:02:05.760895+00:00] DogtorPET.DEBUG: CORS analysis for request completed. [] []
[2023-12-09T04:02:05.777286+00:00] DogtorPET.DEBUG: Using token from request header [] []
[2023-12-09T04:02:05.779207+00:00] DogtorPET.DEBUG: CORS analysis for request started. [] []
[2023-12-09T04:02:05.779275+00:00] DogtorPET.DEBUG: Request is identified as an actual CORS request. [] []
[2023-12-09T04:02:05.779377+00:00] DogtorPET.DEBUG: CORS analysis for request completed. [] []
[2023-12-09T04:19:43.497807+00:00] DogtorPET.DEBUG: CORS analysis for request started. [] []
[2023-12-09T04:19:43.498647+00:00] DogtorPET.DEBUG: Request is identified as a pre-flight CORS request. [] []
[2023-12-09T04:19:43.498841+00:00] DogtorPET.DEBUG: CORS analysis for request completed. [] []
[2023-12-09T04:19:43.509472+00:00] DogtorPET.DEBUG: Using token from request header [] []
[2023-12-09T04:19:43.511774+00:00] DogtorPET.DEBUG: CORS analysis for request started. [] []
[2023-12-09T04:19:43.511850+00:00] DogtorPET.DEBUG: Request is identified as an actual CORS request. [] []
[2023-12-09T04:19:43.511951+00:00] DogtorPET.DEBUG: CORS analysis for request completed. [] []
[2023-12-09T04:20:08.746160+00:00] DogtorPET.DEBUG: CORS analysis for request started. [] []
[2023-12-09T04:20:08.746884+00:00] DogtorPET.DEBUG: Request is identified as a pre-flight CORS request. [] []
[2023-12-09T04:20:08.747070+00:00] DogtorPET.DEBUG: CORS analysis for request completed. [] []
[2023-12-09T04:20:08.758537+00:00] DogtorPET.DEBUG: Using token from request header [] []
[2023-12-09T04:20:08.760691+00:00] DogtorPET.DEBUG: CORS analysis for request started. [] []
[2023-12-09T04:20:08.760809+00:00] DogtorPET.DEBUG: Request is identified as an actual CORS request. [] []
[2023-12-09T04:20:08.760927+00:00] DogtorPET.DEBUG: CORS analysis for request completed. [] []
[2023-12-09T04:21:27.589756+00:00] DogtorPET.DEBUG: CORS analysis for request started. [] []
[2023-12-09T04:21:27.590381+00:00] DogtorPET.DEBUG: Request is identified as a pre-flight CORS request. [] []
[2023-12-09T04:21:27.590550+00:00] DogtorPET.DEBUG: CORS analysis for request completed. [] []
[2023-12-09T04:21:27.601121+00:00] DogtorPET.DEBUG: Using token from request header [] []
[2023-12-09T04:21:27.603626+00:00] DogtorPET.DEBUG: CORS analysis for request started. [] []
[2023-12-09T04:21:27.603741+00:00] DogtorPET.DEBUG: Request is identified as an actual CORS request. [] []
[2023-12-09T04:21:27.603876+00:00] DogtorPET.DEBUG: CORS analysis for request completed. [] []
